c:\users\ryan\3dgameenginecpp\3denginecpp\debug\vc120.pdb
c:\users\ryan\3dgameenginecpp\3denginecpp\debug\vc120.idb
c:\users\ryan\3dgameenginecpp\3denginecpp\debug\camera.obj
c:\users\ryan\3dgameenginecpp\3denginecpp\debug\coreengine.obj
c:\users\ryan\3dgameenginecpp\3denginecpp\debug\freelook.obj
c:\users\ryan\3dgameenginecpp\3denginecpp\debug\freemove.obj
c:\users\ryan\3dgameenginecpp\3denginecpp\debug\game.obj
c:\users\ryan\3dgameenginecpp\3denginecpp\debug\gameobject.obj
c:\users\ryan\3dgameenginecpp\3denginecpp\debug\input.obj
c:\users\ryan\3dgameenginecpp\3denginecpp\debug\lighting.obj
c:\users\ryan\3dgameenginecpp\3denginecpp\debug\main.obj
c:\users\ryan\3dgameenginecpp\3denginecpp\debug\math3d.obj
c:\users\ryan\3dgameenginecpp\3denginecpp\debug\mesh.obj
c:\users\ryan\3dgameenginecpp\3denginecpp\debug\renderingengine.obj
c:\users\ryan\3dgameenginecpp\3denginecpp\debug\renderutil.obj
c:\users\ryan\3dgameenginecpp\3denginecpp\debug\sdl_backend.obj
c:\users\ryan\3dgameenginecpp\3denginecpp\debug\shader.obj
c:\users\ryan\3dgameenginecpp\3denginecpp\debug\texture.obj
c:\users\ryan\3dgameenginecpp\3denginecpp\debug\time.obj
c:\users\ryan\3dgameenginecpp\3denginecpp\debug\transform.obj
c:\users\ryan\3dgameenginecpp\3denginecpp\debug\util.obj
c:\users\ryan\3dgameenginecpp\3denginecpp\debug\window.obj
c:\users\ryan\3dgameenginecpp\3denginecpp\debug\stb_image.obj
c:\users\ryan\3dgameenginecpp\debug\3denginecpp.ilk
c:\users\ryan\3dgameenginecpp\debug\3denginecpp.exe
c:\users\ryan\3dgameenginecpp\debug\3denginecpp.pdb
c:\users\ryan\3dgameenginecpp\3denginecpp\debug\3denginecpp.tlog\cl.command.1.tlog
c:\users\ryan\3dgameenginecpp\3denginecpp\debug\3denginecpp.tlog\cl.read.1.tlog
c:\users\ryan\3dgameenginecpp\3denginecpp\debug\3denginecpp.tlog\cl.write.1.tlog
c:\users\ryan\3dgameenginecpp\3denginecpp\debug\3denginecpp.tlog\link.command.1.tlog
c:\users\ryan\3dgameenginecpp\3denginecpp\debug\3denginecpp.tlog\link.read.1.tlog
c:\users\ryan\3dgameenginecpp\3denginecpp\debug\3denginecpp.tlog\link.write.1.tlog
