Build started 7/9/2014 6:12:04 PM.
     1>Project "C:\Users\Ryan\3DGameEngineCpp\3DEngineCpp\3DEngineCpp.vcxproj" on node 2 (Rebuild target(s)).
     1>C:\Program Files (x86)\MSBuild\Microsoft.Cpp\v4.0\V120\Microsoft.CppClean.targets(76,5): warning : The process cannot access the file 'c:\users\ryan\3dgameenginecpp\debug\3denginecpp.pdb' because it is being used by another process.
     1>ClCompile:
         C:\Program Files (x86)\Microsoft Visual Studio 12.0\VC\bin\CL.exe /c /I.\include /ZI /nologo /W3 /WX- /Od /Oy- /D WIN32 /D _DEBUG /D _CONSOLE /D _UNICODE /D UNICODE /Gm /EHsc /RTC1 /MDd /GS /fp:precise /Zc:wchar_t /Zc:forScope /Fo"Debug\\" /Fd"Debug\vc120.pdb" /Gd /TP /analyze- /errorReport:prompt camera.cpp coreEngine.cpp freeLook.cpp freeMove.cpp game.cpp gameObject.cpp input.cpp lighting.cpp main.cpp math3d.cpp mesh.cpp renderingEngine.cpp renderUtil.cpp sdl_backend.cpp shader.cpp texture.cpp time.cpp transform.cpp util.cpp window.cpp
         window.cpp
         util.cpp
         transform.cpp
         time.cpp
         texture.cpp
         shader.cpp
         sdl_backend.cpp
         renderUtil.cpp
         renderingEngine.cpp
         mesh.cpp
         math3d.cpp
         main.cpp
         lighting.cpp
         input.cpp
         gameObject.cpp
         game.cpp
         freeMove.cpp
         freeLook.cpp
         coreEngine.cpp
         camera.cpp
         Generating Code...
         C:\Program Files (x86)\Microsoft Visual Studio 12.0\VC\bin\CL.exe /c /I.\include /ZI /nologo /W3 /WX- /Od /Oy- /D WIN32 /D _DEBUG /D _CONSOLE /D _UNICODE /D UNICODE /Gm /EHsc /RTC1 /MDd /GS /fp:precise /Zc:wchar_t /Zc:forScope /Fo"Debug\\" /Fd"Debug\vc120.pdb" /Gd /TC /analyze- /errorReport:prompt stb_image.c
         stb_image.c
     1>c:\users\ryan\3dgameenginecpp\3denginecpp\stb_image.c(300): warning C4996: 'fopen': This function or variable may be unsafe. Consider using fopen_s instead. To disable deprecation, use _CRT_SECURE_NO_WARNINGS. See online help for details.
                 c:\program files (x86)\microsoft visual studio 12.0\vc\include\stdio.h(211) : see declaration of 'fopen'
     1>c:\users\ryan\3dgameenginecpp\3denginecpp\stb_image.c(362): warning C4996: 'fopen': This function or variable may be unsafe. Consider using fopen_s instead. To disable deprecation, use _CRT_SECURE_NO_WARNINGS. See online help for details.
                 c:\program files (x86)\microsoft visual studio 12.0\vc\include\stdio.h(211) : see declaration of 'fopen'
     1>c:\users\ryan\3dgameenginecpp\3denginecpp\stb_image.c(400): warning C4996: 'fopen': This function or variable may be unsafe. Consider using fopen_s instead. To disable deprecation, use _CRT_SECURE_NO_WARNINGS. See online help for details.
                 c:\program files (x86)\microsoft visual studio 12.0\vc\include\stdio.h(211) : see declaration of 'fopen'
     1>c:\users\ryan\3dgameenginecpp\3denginecpp\stb_image.c(4293): warning C4996: 'fopen': This function or variable may be unsafe. Consider using fopen_s instead. To disable deprecation, use _CRT_SECURE_NO_WARNINGS. See online help for details.
                 c:\program files (x86)\microsoft visual studio 12.0\vc\include\stdio.h(211) : see declaration of 'fopen'
       Link:
         C:\Program Files (x86)\Microsoft Visual Studio 12.0\VC\bin\link.exe /ERRORREPORT:PROMPT /OUT:"C:\Users\Ryan\3DGameEngineCpp\Debug\3DEngineCpp.exe" /INCREMENTAL /NOLOGO /LIBPATH:.\lib SDL2.lib SDL2main.lib opengl32.lib glu32.lib glew32.lib glew32mx.lib glew32mxs.lib glew32s.lib assimp.lib /MANIFEST /MANIFESTUAC:"level='asInvoker' uiAccess='false'" /manifest:embed /DEBUG /PDB:"C:\Users\Ryan\3DGameEngineCpp\Debug\3DEngineCpp.pdb" /SUBSYSTEM:CONSOLE /TLBID:1 /DYNAMICBASE /NXCOMPAT /IMPLIB:"C:\Users\Ryan\3DGameEngineCpp\Debug\3DEngineCpp.lib" /MACHINE:X86 Debug\camera.obj
         Debug\coreEngine.obj
         Debug\freeLook.obj
         Debug\freeMove.obj
         Debug\game.obj
         Debug\gameObject.obj
         Debug\input.obj
         Debug\lighting.obj
         Debug\main.obj
         Debug\math3d.obj
         Debug\mesh.obj
         Debug\renderingEngine.obj
         Debug\renderUtil.obj
         Debug\sdl_backend.obj
         Debug\shader.obj
         Debug\stb_image.obj
         Debug\texture.obj
         Debug\time.obj
         Debug\transform.obj
         Debug\util.obj
         Debug\window.obj
         3DEngineCpp.vcxproj -> C:\Users\Ryan\3DGameEngineCpp\Debug\3DEngineCpp.exe
     1>Done Building Project "C:\Users\Ryan\3DGameEngineCpp\3DEngineCpp\3DEngineCpp.vcxproj" (Rebuild target(s)).

Build succeeded.

Time Elapsed 00:00:09.30
